2026-02-26T04:49:08.495Z [console][debug] __ORCHIDS_NAVIGATE__ http://localhost:3000/
2026-02-26T04:49:08.496Z [console][error] ./orchids-projects/seat-booking-system/src/components/SeatBookingApp.tsx:24:1
Module not found: Can't resolve './Analytics'
  22 | import SeatMap from './SeatMap';
  23 | import WeeklyView from './WeeklyView';
> 24 | import Analytics from './Analytics';
     | ^^^^^^^^^^^^^^^^^^^^^^^^^^^^^^^^^^^^
  25 |
  26 | export default function SeatBookingApp() {
  27 |   const [user, setUser] = useState<any>(null);

Import trace:
  Server Component:
    ./orchids-projects/seat-booking-system/src/components/SeatBookingApp.tsx
    ./orchids-projects/seat-booking-system/src/app/page.tsx

https://nextjs.org/docs/messages/module-not-found
2026-02-26T04:49:08.515Z [console][log] {"file":{"fileName":"./orchids-projects/seat-booking-system/src/components/SeatBookingApp.tsx","location":{"line1":24,"column1":1}}}
2026-02-26T04:49:08.596Z [console][log] [Fast Refresh] rebuilding
2026-02-26T04:49:19.881Z [console][log] [Fast Refresh] rebuilding
2026-02-26T04:49:20.495Z [console][log] [Fast Refresh] done in 684ms
2026-02-26T04:49:35.952Z [console][log] [Fast Refresh] rebuilding
2026-02-26T04:49:35.980Z [console][log] [Fast Refresh] done in 129ms
2026-02-26T04:49:53.148Z [console][log] [Fast Refresh] rebuilding
2026-02-26T04:49:53.230Z [console][warn] [Fast Refresh] performing full reload

Fast Refresh will perform a full reload when you edit a file that's imported by modules outside of the React rendering tree.
You might have a file which exports a React component but also exports a value that is imported by a non-React component file.
Consider migrating the non-React component export to a separate file and importing it into both files.

It is also possible the parent component of the component you edited is a class component, which disables Fast Refresh.
Fast Refresh requires at least one parent function component in your React tree.
2026-02-26T04:49:53.230Z [console][warn] [Fast Refresh] performing full reload because your application had an unrecoverable error
2026-02-26T04:49:53.254Z [console][log] [Fast Refresh] done in 85ms
2026-02-26T04:50:13.434Z [console][log] [HMR] connected
2026-02-26T04:51:21.157Z [console][log] [Fast Refresh] rebuilding
2026-02-26T04:51:21.216Z [console][log] [Fast Refresh] done in 161ms
2026-02-26T04:54:41.686Z [console][warn] [Fast Refresh] done in 187ms
2026-02-26T04:54:20.268Z [console][debug] __ORCHIDS_VISUALEDIT_CLICK__ {"tagName":"h2","id":null,"className":null,"textContent":"Application error: a client-side exception has occurred while loading localhost (see the browser con","attributes":{},"position":{"x":224,"y":344},"boundingRect":{"top":321.5,"left":203.7109375,"width":811.5703125,"height":28},"computedStyles":{"display":"block","position":"static","verticalAlign":"baseline","width":"811.57px","height":"28px","boxSizing":"border-box","margin":"0px 8px","marginRight":"8px","marginLeft":"8px","fontFamily":"system-ui, \"Segoe UI\", Roboto, Helvetica, Arial, sans-serif, \"Apple Color Emoji\", \"Segoe UI Emoji\"","fontSize":"14px","fontWeight":"400","lineHeight":"28px","textAlign":"center","textDecoration":"none solid lab(2.75381 0 0)","textOverflow":"clip","color":"lab(2.75381 0 0)","opacity":"1","border":"0px solid lab(90.952 0 -0.0000119209)","borderTop":"0px solid lab(90.952 0 -0.0000119209)","borderRight":"0px solid lab(90.952 0 -0.0000119209)","borderBottom":"0px solid lab(90.952 0 -0.0000119209)","borderLeft":"0px solid lab(90.952 0 -0.0000119209)","borderStyle":"solid","borderColor":"lab(90.952 0 -0.0000119209)","outline":"oklab(0.707999 -0.00000712276 0.0000166297 / 0.5) none 0px","outlineColor":"oklab(0.707999 -0.00000712276 0.0000166297 / 0.5)","transformOrigin":"405.785px 14px","perspectiveOrigin":"405.781px 14px","transition":"all","transitionProperty":"all","transitionDuration":"0s","transitionTimingFunction":"ease","transitionDelay":"0s","animation":"none 0s ease 0s 1 normal none running","animationDuration":"0s","animationTimingFunction":"ease","animationDelay":"0s","animationIterationCount":"1","overflow":"visible","overflowX":"visible","overflowY":"visible","flex":"0 1 auto","flexDirection":"row","flexWrap":"nowrap","flexFlow":"row nowrap","flexGrow":"0","flexShrink":"1","grid":"none / none / none / row / auto / auto","gridAutoFlow":"row","background":"rgba(0, 0, 0, 0) none repeat scroll 0% 0% / auto padding-box border-box","backgroun...
2026-02-26T04:54:41.574Z [console][log] [Fast Refresh] rebuilding
2026-02-26T04:54:41.661Z [console][warn] [Fast Refresh] performing full reload because your application had an unrecoverable error
2026-02-26T04:54:41.686Z [console][log] [Fast Refresh] done in 187ms
2026-02-26T05:21:23.067Z [network][GET 200] /api/availability?date=2026-02-26&employeeId=459d5d18-c602-4b6f-800c-7a2cafc1b02a
  response: {"seats":[{"id":"a5cd9e9c-d85f-49fd-8018-73e433f5e003","seat_number":1,"type":"DESIGNATED","isBooked":false,"isMySeat":false,"canBook":false,"label":"Restricted"},{"id":"782e48cc-b7b7-4713-a774-435f56108b22","seat_number":2,"type":"DESIGNATED","isBooked":false,"isMySeat":false,"canBook":false,"label":"Restricted"},{"id":"313ca377-3b2d-4152-9f46-9e65237836fa","seat_number":3,"type":"DESIGNATED","isBooked":false,"isMySeat":false,"canBook":false,"label":"Restricted"},{"id":"364be53c-a9bc-4523-9dec-5dc753393b5f","seat_number":4,"type":"DESIGNATED","isBooked":false,"isMySeat":false,"canBook":false,"label":"Restricted"},{"id":"3a104f0c-d1ee-466a-98bb-d07ac25bcaa5","seat_number":5,"type":"DESIGNATED","isBooked":false,"isMySeat":false,"canBook":false,"label":"Restricted"},{"id":"59dfed26-3f91-4f49-af0a-b80ac4f255b4","seat_number":6,"type":"DESIGNATED","isBooked":false,"isMySeat":false,"canBook":false,"label":"Restricted"},{"id":"0a43fdb4-1085-4985-9471-8bc907fc39b2","seat_number":7,"type":"DESIGNATED","isBooked":false,"isMySeat":false,"canBook":false,"label":"Restricted"},{"id":"e1d48687-94eb-4e5f-833e-9a30fe59263b","seat_number":8,"type":"DESIGNATED","isBooked":false,"isMySeat":false,"canBook":false,"label":"Restricted"},{"id":"734d88b0-b067-4fba-b226-5bcf274408a8","seat_number":9,"type":"DESIGNATED","isBooked":false,"isMySeat":false,"canBook":false,"label":"Restricted"},{"id":"da2068a2-156f-40de-99b5-60e1407c08c5","seat_number":10,"type":"DESIGNATED","isBooked":false,"isMySeat":false,"canBook":false,"label":"Restricted"},{"id":"5308f54c-673d-42be-9645-1d82d01f528e","seat_number":11,"type":"DESIGNATED","isBooked":false,"isMySeat":false,"canBook":false,"label":"Restricted"},{"id":"b816bdbc-59ea-4227-98a0-482befdf4ccc","seat_number":12,"type":"DESIGNATED","isBooked":false,"isMySeat":false,"canBook":false,"label":"Restricted"},{"id":"babfb587-b00f-4cd4-9fdf-059d40808d7a","seat_number":13,"type":"DESIGNATED","isBooked":false,"isMySeat":false,"canBook":false,"label":"Restricted... [truncated]
2026-02-26T05:21:23.109Z [network][GET 200] /api/availability?date=2026-02-26&employeeId=459d5d18-c602-4b6f-800c-7a2cafc1b02a
  response: {"seats":[{"id":"a5cd9e9c-d85f-49fd-8018-73e433f5e003","seat_number":1,"type":"DESIGNATED","isBooked":false,"isMySeat":false,"canBook":false,"label":"Restricted"},{"id":"782e48cc-b7b7-4713-a774-435f56108b22","seat_number":2,"type":"DESIGNATED","isBooked":false,"isMySeat":false,"canBook":false,"label":"Restricted"},{"id":"313ca377-3b2d-4152-9f46-9e65237836fa","seat_number":3,"type":"DESIGNATED","isBooked":false,"isMySeat":false,"canBook":false,"label":"Restricted"},{"id":"364be53c-a9bc-4523-9dec-5dc753393b5f","seat_number":4,"type":"DESIGNATED","isBooked":false,"isMySeat":false,"canBook":false,"label":"Restricted"},{"id":"3a104f0c-d1ee-466a-98bb-d07ac25bcaa5","seat_number":5,"type":"DESIGNATED","isBooked":false,"isMySeat":false,"canBook":false,"label":"Restricted"},{"id":"59dfed26-3f91-4f49-af0a-b80ac4f255b4","seat_number":6,"type":"DESIGNATED","isBooked":false,"isMySeat":false,"canBook":false,"label":"Restricted"},{"id":"0a43fdb4-1085-4985-9471-8bc907fc39b2","seat_number":7,"type":"DESIGNATED","isBooked":false,"isMySeat":false,"canBook":false,"label":"Restricted"},{"id":"e1d48687-94eb-4e5f-833e-9a30fe59263b","seat_number":8,"type":"DESIGNATED","isBooked":false,"isMySeat":false,"canBook":false,"label":"Restricted"},{"id":"734d88b0-b067-4fba-b226-5bcf274408a8","seat_number":9,"type":"DESIGNATED","isBooked":false,"isMySeat":false,"canBook":false,"label":"Restricted"},{"id":"da2068a2-156f-40de-99b5-60e1407c08c5","seat_number":10,"type":"DESIGNATED","isBooked":false,"isMySeat":false,"canBook":false,"label":"Restricted"},{"id":"5308f54c-673d-42be-9645-1d82d01f528e","seat_number":11,"type":"DESIGNATED","isBooked":false,"isMySeat":false,"canBook":false,"label":"Restricted"},{"id":"b816bdbc-59ea-4227-98a0-482befdf4ccc","seat_number":12,"type":"DESIGNATED","isBooked":false,"isMySeat":false,"canBook":false,"label":"Restricted"},{"id":"babfb587-b00f-4cd4-9fdf-059d40808d7a","seat_number":13,"type":"DESIGNATED","isBooked":false,"isMySeat":false,"canBook":false,"label":"Restricted... [truncated]
2026-02-26T05:21:28.526Z [network][POST 200] /api/book
  request: {"employeeId":"459d5d18-c602-4b6f-800c-7a2cafc1b02a","seatId":"8b92db49-cd5b-4041-9330-012ed5b040f8","date":"2026-02-26","type":"FLOATING"}
  response: {"id":"413b08bf-07a2-4cbd-808f-5b6b21e33d17","employee_id":"459d5d18-c602-4b6f-800c-7a2cafc1b02a","seat_id":"8b92db49-cd5b-4041-9330-012ed5b040f8","date":"2026-02-26","status":"BOOKED","booking_type":"FLOATING","created_at":"2026-02-26T05:21:28.452356+00:00"}
2026-02-26T05:21:30.427Z [network][GET 200] /api/availability?date=2026-02-26&employeeId=459d5d18-c602-4b6f-800c-7a2cafc1b02a
  response: {"seats":[{"id":"a5cd9e9c-d85f-49fd-8018-73e433f5e003","seat_number":1,"type":"DESIGNATED","isBooked":false,"isMySeat":false,"canBook":false,"label":"Restricted"},{"id":"782e48cc-b7b7-4713-a774-435f56108b22","seat_number":2,"type":"DESIGNATED","isBooked":false,"isMySeat":false,"canBook":false,"label":"Restricted"},{"id":"313ca377-3b2d-4152-9f46-9e65237836fa","seat_number":3,"type":"DESIGNATED","isBooked":false,"isMySeat":false,"canBook":false,"label":"Restricted"},{"id":"364be53c-a9bc-4523-9dec-5dc753393b5f","seat_number":4,"type":"DESIGNATED","isBooked":false,"isMySeat":false,"canBook":false,"label":"Restricted"},{"id":"3a104f0c-d1ee-466a-98bb-d07ac25bcaa5","seat_number":5,"type":"DESIGNATED","isBooked":false,"isMySeat":false,"canBook":false,"label":"Restricted"},{"id":"59dfed26-3f91-4f49-af0a-b80ac4f255b4","seat_number":6,"type":"DESIGNATED","isBooked":false,"isMySeat":false,"canBook":false,"label":"Restricted"},{"id":"0a43fdb4-1085-4985-9471-8bc907fc39b2","seat_number":7,"type":"DESIGNATED","isBooked":false,"isMySeat":false,"canBook":false,"label":"Restricted"},{"id":"e1d48687-94eb-4e5f-833e-9a30fe59263b","seat_number":8,"type":"DESIGNATED","isBooked":false,"isMySeat":false,"canBook":false,"label":"Restricted"},{"id":"734d88b0-b067-4fba-b226-5bcf274408a8","seat_number":9,"type":"DESIGNATED","isBooked":false,"isMySeat":false,"canBook":false,"label":"Restricted"},{"id":"da2068a2-156f-40de-99b5-60e1407c08c5","seat_number":10,"type":"DESIGNATED","isBooked":false,"isMySeat":false,"canBook":false,"label":"Restricted"},{"id":"5308f54c-673d-42be-9645-1d82d01f528e","seat_number":11,"type":"DESIGNATED","isBooked":false,"isMySeat":false,"canBook":false,"label":"Restricted"},{"id":"b816bdbc-59ea-4227-98a0-482befdf4ccc","seat_number":12,"type":"DESIGNATED","isBooked":false,"isMySeat":false,"canBook":false,"label":"Restricted"},{"id":"babfb587-b00f-4cd4-9fdf-059d40808d7a","seat_number":13,"type":"DESIGNATED","isBooked":false,"isMySeat":false,"canBook":false,"label":"Restricted... [truncated]
2026-02-26T05:22:28.348Z [network][GET 200] /api/availability?date=2026-02-27&employeeId=459d5d18-c602-4b6f-800c-7a2cafc1b02a
  response: {"seats":[{"id":"a5cd9e9c-d85f-49fd-8018-73e433f5e003","seat_number":1,"type":"DESIGNATED","isBooked":false,"isMySeat":false,"canBook":false,"label":"Restricted"},{"id":"782e48cc-b7b7-4713-a774-435f56108b22","seat_number":2,"type":"DESIGNATED","isBooked":false,"isMySeat":false,"canBook":false,"label":"Restricted"},{"id":"313ca377-3b2d-4152-9f46-9e65237836fa","seat_number":3,"type":"DESIGNATED","isBooked":false,"isMySeat":false,"canBook":false,"label":"Restricted"},{"id":"364be53c-a9bc-4523-9dec-5dc753393b5f","seat_number":4,"type":"DESIGNATED","isBooked":false,"isMySeat":false,"canBook":false,"label":"Restricted"},{"id":"3a104f0c-d1ee-466a-98bb-d07ac25bcaa5","seat_number":5,"type":"DESIGNATED","isBooked":false,"isMySeat":false,"canBook":false,"label":"Restricted"},{"id":"59dfed26-3f91-4f49-af0a-b80ac4f255b4","seat_number":6,"type":"DESIGNATED","isBooked":false,"isMySeat":false,"canBook":false,"label":"Restricted"},{"id":"0a43fdb4-1085-4985-9471-8bc907fc39b2","seat_number":7,"type":"DESIGNATED","isBooked":false,"isMySeat":false,"canBook":false,"label":"Restricted"},{"id":"e1d48687-94eb-4e5f-833e-9a30fe59263b","seat_number":8,"type":"DESIGNATED","isBooked":false,"isMySeat":false,"canBook":false,"label":"Restricted"},{"id":"734d88b0-b067-4fba-b226-5bcf274408a8","seat_number":9,"type":"DESIGNATED","isBooked":false,"isMySeat":false,"canBook":false,"label":"Restricted"},{"id":"da2068a2-156f-40de-99b5-60e1407c08c5","seat_number":10,"type":"DESIGNATED","isBooked":false,"isMySeat":false,"canBook":false,"label":"Restricted"},{"id":"5308f54c-673d-42be-9645-1d82d01f528e","seat_number":11,"type":"DESIGNATED","isBooked":false,"isMySeat":false,"canBook":false,"label":"Restricted"},{"id":"b816bdbc-59ea-4227-98a0-482befdf4ccc","seat_number":12,"type":"DESIGNATED","isBooked":false,"isMySeat":false,"canBook":false,"label":"Restricted"},{"id":"babfb587-b00f-4cd4-9fdf-059d40808d7a","seat_number":13,"type":"DESIGNATED","isBooked":false,"isMySeat":false,"canBook":false,"label":"Restricted... [truncated]
2026-02-26T05:22:32.993Z [network][GET 200] /api/availability?date=2026-02-28&employeeId=459d5d18-c602-4b6f-800c-7a2cafc1b02a
  response: {"seats":[{"id":"a5cd9e9c-d85f-49fd-8018-73e433f5e003","seat_number":1,"type":"DESIGNATED","isBooked":false,"isMySeat":false,"canBook":false,"label":"Restricted"},{"id":"782e48cc-b7b7-4713-a774-435f56108b22","seat_number":2,"type":"DESIGNATED","isBooked":false,"isMySeat":false,"canBook":false,"label":"Restricted"},{"id":"313ca377-3b2d-4152-9f46-9e65237836fa","seat_number":3,"type":"DESIGNATED","isBooked":false,"isMySeat":false,"canBook":false,"label":"Restricted"},{"id":"364be53c-a9bc-4523-9dec-5dc753393b5f","seat_number":4,"type":"DESIGNATED","isBooked":false,"isMySeat":false,"canBook":false,"label":"Restricted"},{"id":"3a104f0c-d1ee-466a-98bb-d07ac25bcaa5","seat_number":5,"type":"DESIGNATED","isBooked":false,"isMySeat":false,"canBook":false,"label":"Restricted"},{"id":"59dfed26-3f91-4f49-af0a-b80ac4f255b4","seat_number":6,"type":"DESIGNATED","isBooked":false,"isMySeat":false,"canBook":false,"label":"Restricted"},{"id":"0a43fdb4-1085-4985-9471-8bc907fc39b2","seat_number":7,"type":"DESIGNATED","isBooked":false,"isMySeat":false,"canBook":false,"label":"Restricted"},{"id":"e1d48687-94eb-4e5f-833e-9a30fe59263b","seat_number":8,"type":"DESIGNATED","isBooked":false,"isMySeat":false,"canBook":false,"label":"Restricted"},{"id":"734d88b0-b067-4fba-b226-5bcf274408a8","seat_number":9,"type":"DESIGNATED","isBooked":false,"isMySeat":false,"canBook":false,"label":"Restricted"},{"id":"da2068a2-156f-40de-99b5-60e1407c08c5","seat_number":10,"type":"DESIGNATED","isBooked":false,"isMySeat":false,"canBook":false,"label":"Restricted"},{"id":"5308f54c-673d-42be-9645-1d82d01f528e","seat_number":11,"type":"DESIGNATED","isBooked":false,"isMySeat":false,"canBook":false,"label":"Restricted"},{"id":"b816bdbc-59ea-4227-98a0-482befdf4ccc","seat_number":12,"type":"DESIGNATED","isBooked":false,"isMySeat":false,"canBook":false,"label":"Restricted"},{"id":"babfb587-b00f-4cd4-9fdf-059d40808d7a","seat_number":13,"type":"DESIGNATED","isBooked":false,"isMySeat":false,"canBook":false,"label":"Restricted... [truncated]
2026-02-26T05:22:33.371Z [network][GET 200] /api/availability?date=2026-03-01&employeeId=459d5d18-c602-4b6f-800c-7a2cafc1b02a
  response: {"seats":[{"id":"a5cd9e9c-d85f-49fd-8018-73e433f5e003","seat_number":1,"type":"DESIGNATED","isBooked":false,"isMySeat":false,"canBook":false,"label":"Restricted"},{"id":"782e48cc-b7b7-4713-a774-435f56108b22","seat_number":2,"type":"DESIGNATED","isBooked":false,"isMySeat":false,"canBook":false,"label":"Restricted"},{"id":"313ca377-3b2d-4152-9f46-9e65237836fa","seat_number":3,"type":"DESIGNATED","isBooked":false,"isMySeat":false,"canBook":false,"label":"Restricted"},{"id":"364be53c-a9bc-4523-9dec-5dc753393b5f","seat_number":4,"type":"DESIGNATED","isBooked":false,"isMySeat":false,"canBook":false,"label":"Restricted"},{"id":"3a104f0c-d1ee-466a-98bb-d07ac25bcaa5","seat_number":5,"type":"DESIGNATED","isBooked":false,"isMySeat":false,"canBook":false,"label":"Restricted"},{"id":"59dfed26-3f91-4f49-af0a-b80ac4f255b4","seat_number":6,"type":"DESIGNATED","isBooked":false,"isMySeat":false,"canBook":false,"label":"Restricted"},{"id":"0a43fdb4-1085-4985-9471-8bc907fc39b2","seat_number":7,"type":"DESIGNATED","isBooked":false,"isMySeat":false,"canBook":false,"label":"Restricted"},{"id":"e1d48687-94eb-4e5f-833e-9a30fe59263b","seat_number":8,"type":"DESIGNATED","isBooked":false,"isMySeat":false,"canBook":false,"label":"Restricted"},{"id":"734d88b0-b067-4fba-b226-5bcf274408a8","seat_number":9,"type":"DESIGNATED","isBooked":false,"isMySeat":false,"canBook":false,"label":"Restricted"},{"id":"da2068a2-156f-40de-99b5-60e1407c08c5","seat_number":10,"type":"DESIGNATED","isBooked":false,"isMySeat":false,"canBook":false,"label":"Restricted"},{"id":"5308f54c-673d-42be-9645-1d82d01f528e","seat_number":11,"type":"DESIGNATED","isBooked":false,"isMySeat":false,"canBook":false,"label":"Restricted"},{"id":"b816bdbc-59ea-4227-98a0-482befdf4ccc","seat_number":12,"type":"DESIGNATED","isBooked":false,"isMySeat":false,"canBook":false,"label":"Restricted"},{"id":"babfb587-b00f-4cd4-9fdf-059d40808d7a","seat_number":13,"type":"DESIGNATED","isBooked":false,"isMySeat":false,"canBook":false,"label":"Restricted... [truncated]
2026-02-26T05:22:37.412Z [network][GET 200] /api/availability?date=2026-03-02&employeeId=459d5d18-c602-4b6f-800c-7a2cafc1b02a
  response: {"seats":[{"id":"a5cd9e9c-d85f-49fd-8018-73e433f5e003","seat_number":1,"type":"DESIGNATED","isBooked":true,"isMySeat":false,"canBook":false,"label":"Booked"},{"id":"782e48cc-b7b7-4713-a774-435f56108b22","seat_number":2,"type":"DESIGNATED","isBooked":false,"isMySeat":false,"canBook":true,"label":"Designated"},{"id":"313ca377-3b2d-4152-9f46-9e65237836fa","seat_number":3,"type":"DESIGNATED","isBooked":false,"isMySeat":false,"canBook":true,"label":"Designated"},{"id":"364be53c-a9bc-4523-9dec-5dc753393b5f","seat_number":4,"type":"DESIGNATED","isBooked":false,"isMySeat":false,"canBook":true,"label":"Designated"},{"id":"3a104f0c-d1ee-466a-98bb-d07ac25bcaa5","seat_number":5,"type":"DESIGNATED","isBooked":false,"isMySeat":false,"canBook":true,"label":"Designated"},{"id":"59dfed26-3f91-4f49-af0a-b80ac4f255b4","seat_number":6,"type":"DESIGNATED","isBooked":false,"isMySeat":false,"canBook":true,"label":"Designated"},{"id":"0a43fdb4-1085-4985-9471-8bc907fc39b2","seat_number":7,"type":"DESIGNATED","isBooked":false,"isMySeat":false,"canBook":true,"label":"Designated"},{"id":"e1d48687-94eb-4e5f-833e-9a30fe59263b","seat_number":8,"type":"DESIGNATED","isBooked":false,"isMySeat":false,"canBook":true,"label":"Designated"},{"id":"734d88b0-b067-4fba-b226-5bcf274408a8","seat_number":9,"type":"DESIGNATED","isBooked":false,"isMySeat":false,"canBook":true,"label":"Designated"},{"id":"da2068a2-156f-40de-99b5-60e1407c08c5","seat_number":10,"type":"DESIGNATED","isBooked":false,"isMySeat":false,"canBook":true,"label":"Designated"},{"id":"5308f54c-673d-42be-9645-1d82d01f528e","seat_number":11,"type":"DESIGNATED","isBooked":false,"isMySeat":false,"canBook":true,"label":"Designated"},{"id":"b816bdbc-59ea-4227-98a0-482befdf4ccc","seat_number":12,"type":"DESIGNATED","isBooked":false,"isMySeat":false,"canBook":true,"label":"Designated"},{"id":"babfb587-b00f-4cd4-9fdf-059d40808d7a","seat_number":13,"type":"DESIGNATED","isBooked":false,"isMySeat":false,"canBook":true,"label":"Designated"},{"id":"993740b... [truncated]
2026-02-26T05:22:43.735Z [network][POST 200] /api/book
  request: {"employeeId":"459d5d18-c602-4b6f-800c-7a2cafc1b02a","seatId":"d86c7a16-e71f-4a66-8c8e-f6775315d3b9","date":"2026-03-02","type":"DESIGNATED"}
  response: {"id":"f3544dd1-b8cb-41b3-9669-d2ecf5de9dd9","employee_id":"459d5d18-c602-4b6f-800c-7a2cafc1b02a","seat_id":"d86c7a16-e71f-4a66-8c8e-f6775315d3b9","date":"2026-03-02","status":"BOOKED","booking_type":"DESIGNATED","created_at":"2026-02-26T05:22:43.600481+00:00"}
2026-02-26T05:22:45.606Z [network][GET 200] /api/availability?date=2026-03-02&employeeId=459d5d18-c602-4b6f-800c-7a2cafc1b02a
  response: {"seats":[{"id":"a5cd9e9c-d85f-49fd-8018-73e433f5e003","seat_number":1,"type":"DESIGNATED","isBooked":true,"isMySeat":false,"canBook":false,"label":"Booked"},{"id":"782e48cc-b7b7-4713-a774-435f56108b22","seat_number":2,"type":"DESIGNATED","isBooked":false,"isMySeat":false,"canBook":true,"label":"Designated"},{"id":"313ca377-3b2d-4152-9f46-9e65237836fa","seat_number":3,"type":"DESIGNATED","isBooked":false,"isMySeat":false,"canBook":true,"label":"Designated"},{"id":"364be53c-a9bc-4523-9dec-5dc753393b5f","seat_number":4,"type":"DESIGNATED","isBooked":false,"isMySeat":false,"canBook":true,"label":"Designated"},{"id":"3a104f0c-d1ee-466a-98bb-d07ac25bcaa5","seat_number":5,"type":"DESIGNATED","isBooked":false,"isMySeat":false,"canBook":true,"label":"Designated"},{"id":"59dfed26-3f91-4f49-af0a-b80ac4f255b4","seat_number":6,"type":"DESIGNATED","isBooked":false,"isMySeat":false,"canBook":true,"label":"Designated"},{"id":"0a43fdb4-1085-4985-9471-8bc907fc39b2","seat_number":7,"type":"DESIGNATED","isBooked":false,"isMySeat":false,"canBook":true,"label":"Designated"},{"id":"e1d48687-94eb-4e5f-833e-9a30fe59263b","seat_number":8,"type":"DESIGNATED","isBooked":false,"isMySeat":false,"canBook":true,"label":"Designated"},{"id":"734d88b0-b067-4fba-b226-5bcf274408a8","seat_number":9,"type":"DESIGNATED","isBooked":false,"isMySeat":false,"canBook":true,"label":"Designated"},{"id":"da2068a2-156f-40de-99b5-60e1407c08c5","seat_number":10,"type":"DESIGNATED","isBooked":false,"isMySeat":false,"canBook":true,"label":"Designated"},{"id":"5308f54c-673d-42be-9645-1d82d01f528e","seat_number":11,"type":"DESIGNATED","isBooked":false,"isMySeat":false,"canBook":true,"label":"Designated"},{"id":"b816bdbc-59ea-4227-98a0-482befdf4ccc","seat_number":12,"type":"DESIGNATED","isBooked":false,"isMySeat":false,"canBook":true,"label":"Designated"},{"id":"babfb587-b00f-4cd4-9fdf-059d40808d7a","seat_number":13,"type":"DESIGNATED","isBooked":false,"isMySeat":false,"canBook":true,"label":"Designated"},{"id":"993740b... [truncated]
2026-02-26T05:32:03.054Z [console][warn] [Fast Refresh] done in 124ms
2026-02-26T05:32:03.173Z [console][log] __ORCHIDS_NAVIGATE__ http://localhost:3000/
2026-02-26T05:32:03.367Z [console][warn] [Fast Refresh] rebuilding
2026-02-26T05:32:03.458Z [console][warn] [Fast Refresh] done in 7ms
2026-02-26T05:32:03.574Z [console][log] __ORCHIDS_NAVIGATE__ http://localhost:3000/
2026-02-26T05:32:02.746Z [console][log] [Fast Refresh] rebuilding
2026-02-26T05:32:02.746Z [console][log] [Fast Refresh] done in 103ms
2026-02-26T05:32:02.884Z [console][log] [Fast Refresh] rebuilding
2026-02-26T05:32:02.898Z [console][log] [Fast Refresh] done in 21ms
2026-02-26T05:32:03.031Z [console][log] [Fast Refresh] rebuilding
2026-02-26T05:32:03.054Z [console][log] [Fast Refresh] done in 124ms
2026-02-26T05:32:03.173Z [console][debug] __ORCHIDS_NAVIGATE__ http://localhost:3000/
2026-02-26T05:32:03.367Z [console][log] [Fast Refresh] rebuilding
2026-02-26T05:32:03.458Z [console][log] [Fast Refresh] done in 7ms
2026-02-26T05:32:03.574Z [console][debug] __ORCHIDS_NAVIGATE__ http://localhost:3000/
2026-02-26T05:29:23.520Z [network][GET 500] /api/analytics
  response: {"error":"Invalid API key"}
2026-02-26T05:29:23.525Z [network][GET 500] /api/my-bookings?employeeId=474bcded-9407-4571-8f88-9c0b4a39b241
  response: {"error":"Invalid API key"}
2026-02-26T05:29:23.529Z [network][GET 500] /api/my-bookings?employeeId=474bcded-9407-4571-8f88-9c0b4a39b241
  response: {"error":"Invalid API key"}
2026-02-26T05:29:23.535Z [network][GET 500] /api/analytics
  response: {"error":"Invalid API key"}
2026-02-26T05:32:03.165Z [network][GET 200] 
  response: 2:I["[project]/orchids-projects/seat-booking-system/node_modules/next/dist/next-devtools/userspace/app/segment-explorer-node.js [app-client] (ecmascript)",["/_next/static/chunks/4105e_next_dist_2a6369a1._.js","/_next/static/chunks/orchids-projects_seat-booking-system_src_app_favicon_ico_mjs_c5057f56._.js"],"SegmentViewNode"]
4:"$Sreact.fragment"
16:I["[project]/orchids-projects/seat-booking-system/node_modules/next/dist/client/components/layout-router.js [app-client] (ecmascript)",["/_next/static/chunks/4105e_next_dist_2a6369a1._.js","/_next/static/chunks/orchids-projects_seat-booking-system_src_app_favicon_ico_mjs_c5057f56._.js"],"default"]
18:I["[project]/orchids-projects/seat-booking-system/node_modules/next/dist/client/components/render-from-template-context.js [app-client] (ecmascript)",["/_next/static/chunks/4105e_next_dist_2a6369a1._.js","/_next/static/chunks/orchids-projects_seat-booking-system_src_app_favicon_ico_mjs_c5057f56._.js"],"default"]
27:I["[project]/orchids-projects/seat-booking-system/src/components/ui/sonner.tsx [app-client] (ecmascript)",["/_next/static/chunks/4105e_01f94a9b._.js","/_next/static/chunks/orchids-projects_seat-booking-system_src_components_ui_sonner_tsx_71110c57._.js","/_next/static/chunks/orchids-projects_seat-booking-system_src_app_layout_tsx_bab7fab9._.js"],"Toaster"]
29:I["[project]/orchids-projects/seat-booking-system/node_modules/orchids-visual-edits/dist/index.js [app-client] (ecmascript)",["/_next/static/chunks/4105e_01f94a9b._.js","/_next/static/chunks/orchids-projects_seat-booking-system_src_components_ui_sonner_tsx_71110c57._.js","/_next/static/chunks/orchids-projects_seat-booking-system_src_app_layout_tsx_bab7fab9._.js"],"VisualEditsMessenger"]
32:I["[project]/orchids-projects/seat-booking-system/src/components/SeatBookingApp.tsx [app-client] (ecmascript)",["/_next/static/chunks/4105e_01f94a9b._.js","/_next/static/chunks/orchids-projects_seat-booking-system_src_components_ui_sonner_tsx_71110c57._.js","/_next/static/chu... [truncated]
2026-02-26T05:32:03.575Z [network][GET 200] 
  response: 2:I["[project]/orchids-projects/seat-booking-system/node_modules/next/dist/next-devtools/userspace/app/segment-explorer-node.js [app-client] (ecmascript)",["/_next/static/chunks/4105e_next_dist_2a6369a1._.js","/_next/static/chunks/orchids-projects_seat-booking-system_src_app_favicon_ico_mjs_c5057f56._.js"],"SegmentViewNode"]
4:"$Sreact.fragment"
16:I["[project]/orchids-projects/seat-booking-system/node_modules/next/dist/client/components/layout-router.js [app-client] (ecmascript)",["/_next/static/chunks/4105e_next_dist_2a6369a1._.js","/_next/static/chunks/orchids-projects_seat-booking-system_src_app_favicon_ico_mjs_c5057f56._.js"],"default"]
18:I["[project]/orchids-projects/seat-booking-system/node_modules/next/dist/client/components/render-from-template-context.js [app-client] (ecmascript)",["/_next/static/chunks/4105e_next_dist_2a6369a1._.js","/_next/static/chunks/orchids-projects_seat-booking-system_src_app_favicon_ico_mjs_c5057f56._.js"],"default"]
27:I["[project]/orchids-projects/seat-booking-system/src/components/ui/sonner.tsx [app-client] (ecmascript)",["/_next/static/chunks/4105e_01f94a9b._.js","/_next/static/chunks/orchids-projects_seat-booking-system_src_components_ui_sonner_tsx_71110c57._.js","/_next/static/chunks/orchids-projects_seat-booking-system_src_app_layout_tsx_bab7fab9._.js"],"Toaster"]
29:I["[project]/orchids-projects/seat-booking-system/node_modules/orchids-visual-edits/dist/index.js [app-client] (ecmascript)",["/_next/static/chunks/4105e_01f94a9b._.js","/_next/static/chunks/orchids-projects_seat-booking-system_src_components_ui_sonner_tsx_71110c57._.js","/_next/static/chunks/orchids-projects_seat-booking-system_src_app_layout_tsx_bab7fab9._.js"],"VisualEditsMessenger"]
32:I["[project]/orchids-projects/seat-booking-system/src/components/SeatBookingApp.tsx [app-client] (ecmascript)",["/_next/static/chunks/4105e_01f94a9b._.js","/_next/static/chunks/orchids-projects_seat-booking-system_src_components_ui_sonner_tsx_71110c57._.js","/_next/static/chu... [truncated]
2026-02-26T05:39:05.988Z [console][warn] [Fast Refresh] done in 5ms
2026-02-26T05:39:11.675Z [console][warn] [Fast Refresh] rebuilding
2026-02-26T05:39:11.753Z [console][error] [Fast Refresh] performing full reload because your application had an unrecoverable error
2026-02-26T05:39:11.767Z [console][warn] [Fast Refresh] done in 177ms
2026-02-26T05:38:23.748Z [console][debug] __ORCHIDS_VISUALEDIT_CLICK__ {"tagName":"div","id":null,"className":null,"textContent":"Application error: a client-side exception has occurred while loading localhost (see the browser con","attributes":{},"position":{"x":85,"y":413},"boundingRect":{"top":393.5,"left":79.7109375,"width":827.5703125,"height":28},"computedStyles":{"display":"block","position":"static","verticalAlign":"baseline","width":"827.57px","height":"28px","boxSizing":"border-box","fontFamily":"system-ui, \"Segoe UI\", Roboto, Helvetica, Arial, sans-serif, \"Apple Color Emoji\", \"Segoe UI Emoji\"","fontSize":"16px","fontWeight":"400","lineHeight":"24px","textAlign":"center","textDecoration":"none solid lab(2.75381 0 0)","textOverflow":"clip","color":"lab(2.75381 0 0)","opacity":"1","border":"0px solid lab(90.952 0 -0.0000119209)","borderTop":"0px solid lab(90.952 0 -0.0000119209)","borderRight":"0px solid lab(90.952 0 -0.0000119209)","borderBottom":"0px solid lab(90.952 0 -0.0000119209)","borderLeft":"0px solid lab(90.952 0 -0.0000119209)","borderStyle":"solid","borderColor":"lab(90.952 0 -0.0000119209)","outline":"oklab(0.707999 -0.00000712276 0.0000166297 / 0.5) none 0px","outlineColor":"oklab(0.707999 -0.00000712276 0.0000166297 / 0.5)","transformOrigin":"413.785px 14px","perspectiveOrigin":"413.781px 14px","transition":"all","transitionProperty":"all","transitionDuration":"0s","transitionTimingFunction":"ease","transitionDelay":"0s","animation":"none 0s ease 0s 1 normal none running","animationDuration":"0s","animationTimingFunction":"ease","animationDelay":"0s","animationIterationCount":"1","overflow":"visible","overflowX":"visible","overflowY":"visible","flex":"0 1 auto","flexDirection":"row","flexWrap":"nowrap","flexFlow":"row nowrap","flexGrow":"0","flexShrink":"1","grid":"none / none / none / row / auto / auto","gridAutoFlow":"row","background":"rgba(0, 0, 0, 0) none repeat scroll 0% 0% / auto padding-box border-box","backgroundImage":"none","backgroundPosition":"0% 0%","backgroundRepe...
2026-02-26T05:38:24.913Z [console][debug] __ORCHIDS_VISUALEDIT_CLICK__ {"tagName":"div","id":null,"className":null,"textContent":"Application error: a client-side exception has occurred while loading localhost (see the browser con","attributes":{},"position":{"x":69,"y":17},"boundingRect":{"top":0,"left":0,"width":987,"height":815},"computedStyles":{"display":"flex","position":"static","verticalAlign":"baseline","width":"987px","height":"815px","boxSizing":"border-box","fontFamily":"system-ui, \"Segoe UI\", Roboto, Helvetica, Arial, sans-serif, \"Apple Color Emoji\", \"Segoe UI Emoji\"","fontSize":"16px","fontWeight":"400","lineHeight":"24px","textAlign":"center","textDecoration":"none solid lab(2.75381 0 0)","textOverflow":"clip","color":"lab(2.75381 0 0)","opacity":"1","border":"0px solid lab(90.952 0 -0.0000119209)","borderTop":"0px solid lab(90.952 0 -0.0000119209)","borderRight":"0px solid lab(90.952 0 -0.0000119209)","borderBottom":"0px solid lab(90.952 0 -0.0000119209)","borderLeft":"0px solid lab(90.952 0 -0.0000119209)","borderStyle":"solid","borderColor":"lab(90.952 0 -0.0000119209)","outline":"oklab(0.707999 -0.00000712276 0.0000166297 / 0.5) none 0px","outlineColor":"oklab(0.707999 -0.00000712276 0.0000166297 / 0.5)","transformOrigin":"493.5px 407.5px","perspectiveOrigin":"493.5px 407.5px","transition":"all","transitionProperty":"all","transitionDuration":"0s","transitionTimingFunction":"ease","transitionDelay":"0s","animation":"none 0s ease 0s 1 normal none running","animationDuration":"0s","animationTimingFunction":"ease","animationDelay":"0s","animationIterationCount":"1","overflow":"visible","overflowX":"visible","overflowY":"visible","flex":"0 1 auto","flexDirection":"column","flexWrap":"nowrap","flexFlow":"column nowrap","justifyContent":"center","alignItems":"center","flexGrow":"0","flexShrink":"1","grid":"none / none / none / row / auto / auto","gridAutoFlow":"row","placeItems":"center normal","placeContent":"normal center","background":"rgba(0, 0, 0, 0) none repeat scroll 0% 0% / auto p...
2026-02-26T05:39:05.445Z [console][log] [Fast Refresh] rebuilding
2026-02-26T05:39:05.457Z [console][log] [Fast Refresh] done in 25ms
2026-02-26T05:39:05.560Z [console][log] [Fast Refresh] rebuilding
2026-02-26T05:39:05.576Z [console][log] [Fast Refresh] done in 117ms
2026-02-26T05:39:05.897Z [console][log] [Fast Refresh] rebuilding
2026-02-26T05:39:05.988Z [console][log] [Fast Refresh] done in 5ms
2026-02-26T05:39:11.674Z [console][log] [Fast Refresh] rebuilding
2026-02-26T05:39:11.753Z [console][warn] [Fast Refresh] performing full reload because your application had an unrecoverable error
2026-02-26T05:39:11.766Z [console][log] [Fast Refresh] done in 177ms
